INFO: [VRFC 10-2263] Analyzing Verilog file "D:/Bsce Semester_4/projects/project_2/ALU.v" into library xil_defaultlib
INFO: [VRFC 10-311] analyzing module ALU
INFO: [VRFC 10-2263] Analyzing Verilog file "D:/Bsce Semester_4/projects/project_2/ALUControl.v" into library xil_defaultlib
INFO: [VRFC 10-311] analyzing module ALUControl
INFO: [VRFC 10-2263] Analyzing Verilog file "D:/Bsce Semester_4/projects/project_2/ControlUnit.v" into library xil_defaultlib
INFO: [VRFC 10-311] analyzing module ControlUnit
INFO: [VRFC 10-2263] Analyzing Verilog file "D:/Bsce Semester_4/projects/project_2/DataMemory.v" into library xil_defaultlib
INFO: [VRFC 10-311] analyzing module DataMemory
INFO: [VRFC 10-2263] Analyzing Verilog file "D:/Bsce Semester_4/projects/project_2/InstructionMemory.v" into library xil_defaultlib
INFO: [VRFC 10-311] analyzing module InstructionMemory
INFO: [VRFC 10-2263] Analyzing Verilog file "D:/Bsce Semester_4/projects/project_2/MUX2to1.v" into library xil_defaultlib
INFO: [VRFC 10-311] analyzing module MUX2to1
INFO: [VRFC 10-2263] Analyzing Verilog file "D:/Bsce Semester_4/projects/project_2/PCAdder.v" into library xil_defaultlib
INFO: [VRFC 10-311] analyzing module PCAdder
INFO: [VRFC 10-2263] Analyzing Verilog file "D:/Bsce Semester_4/projects/project_2/ProgramCounter.v" into library xil_defaultlib
INFO: [VRFC 10-311] analyzing module ProgramCounter
INFO: [VRFC 10-2263] Analyzing Verilog file "D:/Bsce Semester_4/projects/project_2/RegisterFile.v" into library xil_defaultlib
INFO: [VRFC 10-311] analyzing module RegisterFile
INFO: [VRFC 10-2263] Analyzing Verilog file "D:/Bsce Semester_4/projects/project_2/SignExtender.v" into library xil_defaultlib
INFO: [VRFC 10-311] analyzing module SignExtender
INFO: [VRFC 10-2263] Analyzing Verilog file "D:/Bsce Semester_4/projects/project_2/SingleCycleTop.v" into library xil_defaultlib
INFO: [VRFC 10-311] analyzing module SingleCycleTop
INFO: [VRFC 10-2263] Analyzing Verilog file "D:/Bsce Semester_4/projects/project_2/SingleCycleTB.v" into library xil_defaultlib
INFO: [VRFC 10-311] analyzing module SingleCycleTB
